<?xml version="1.0" ?>
<!DOCTYPE coverage
  SYSTEM 'http://cobertura.sourceforge.net/xml/coverage-03.dtd'>
<coverage branch-rate="0.416666666667" line-rate="0.9375" timestamp="1424688667" version="gcovr 3.2">
<sources>
<source>.</source>
</sources>
<packages>
<package branch-rate="0.5" complexity="0.0" line-rate="0.9375" name="Sample.LumberjackCoverage.LumberjackCoverage">
<classes>
<class branch-rate="0.0" complexity="0.0" filename="Sample/LumberjackCoverage/LumberjackCoverage/AppDelegate.h" line-rate="1.0" name="AppDelegate_h">
<methods/>
<lines>
<line branch="false" hits="4" number="5"/>
</lines>
</class>
<class branch-rate="0.0" complexity="0.0" filename="Sample/LumberjackCoverage/LumberjackCoverage/AppDelegate.m" line-rate="0.8" name="AppDelegate_m">
<methods/>
<lines>
<line branch="false" hits="1" number="16"/>
<line branch="false" hits="0" number="9"/>
<line branch="false" hits="1" number="12"/>
<line branch="false" hits="1" number="14"/>
<line branch="false" hits="1" number="17"/>
</lines>
</class>
<class branch-rate="0.5" complexity="0.0" filename="Sample/LumberjackCoverage/LumberjackCoverage/FooBar.m" line-rate="1.0" name="FooBar_m">
<methods/>
<lines>
<line branch="false" hits="1" number="24"/>
<line branch="true" condition-coverage="50% (1/2)" hits="3" number="18">
<conditions>
<condition coverage="50%" number="0" type="jump"/>
</conditions>
</line>
<line branch="true" condition-coverage="50% (1/2)" hits="4" number="20">
<conditions>
<condition coverage="50%" number="0" type="jump"/>
</conditions>
</line>
<line branch="false" hits="1" number="53"/>
<line branch="false" hits="1" number="22"/>
</lines>
</class>
<class branch-rate="0.0" complexity="0.0" filename="Sample/LumberjackCoverage/LumberjackCoverage/main.m" line-rate="1.0" name="main_m">
<methods/>
<lines>
<line branch="false" hits="1" number="8"/>
<line branch="false" hits="1" number="4"/>
<line branch="false" hits="1" number="5"/>
<line branch="false" hits="1" number="6"/>
<line branch="false" hits="1" number="7"/>
</lines>
</class>
</classes>
</package>
</packages>
</coverage>

